<?xml version="1.0" encoding="UTF-8"?>
<testng-results skipped="0" failed="0" ignored="0" total="1" passed="1">
  <reporter-output>
  </reporter-output>
  <suite name="Default suite" duration-ms="42459" started-at="2020-12-16T10:59:35Z" finished-at="2020-12-16T11:00:17Z">
    <groups>
    </groups>
    <test name="Default test" duration-ms="42459" started-at="2020-12-16T10:59:35Z" finished-at="2020-12-16T11:00:17Z">
      <class name="com.testcases.SearchPage">
        <test-method status="PASS" signature="test()[pri:0, instance:com.testcases.SearchPage@3ffc5af1]" name="test" duration-ms="42356" started-at="2020-12-16T10:59:35Z" finished-at="2020-12-16T11:00:17Z">
          <reporter-output>
          </reporter-output>
        </test-method> <!-- test -->
      </class> <!-- com.testcases.SearchPage -->
    </test> <!-- Default test -->
  </suite> <!-- Default suite -->
</testng-results>
